modules/native-audio/android/build/intermediates/manifest_merge_blame_file/debug/processDebugManifest/manifest-merger-blame-debug-report.txt
1<?xml version="1.0" encoding="utf-8"?>
2<manifest xmlns:android="http://schemas.android.com/apk/res/android"
3    package="expo.modules.nativeaudio" >
4
5    <uses-sdk android:minSdkVersion="24" />
6
7    <!-- This permission declaration is essential for microphone access -->
8    <uses-permission android:name="android.permission.RECORD_AUDIO" />
8-->src/main/AndroidManifest.xml:5:5-71
8-->src/main/AndroidManifest.xml:5:22-68
9
10</manifest>